wrongCount,epoch
1,1648994036
14,1648994458
1,1648995527
2,1648995906
1,1648996220
1,1648996528
1,1648997385
0,1648997842
0,1648997845
0,1648997855
0,1648997859
0,1648997863
0,1648997867
0,1648997871
0,1648997876
0,1648997879
0,1648997883
0,1648997887
0,1648997890
0,1648997894
0,1648997898
0,1648997902
0,1648997906
0,1648997909
0,1648997913
0,1648997917
0,1648997921
0,1648997924
0,1648997928
0,1648997932
0,1648997935
0,1648997939
0,1648997943
0,1648997947
0,1648997950
0,1648997954
0,1648997958
0,1648997961
0,1648997965
0,1648997969
0,1648997972
0,1648997976
0,1648997980
0,1648997984
0,1648997988
0,1648997991
0,1648997995
0,1648997999
0,1648998003
0,1648998007
0,1648998010
0,1648998014
0,1648998018
0,1648998022
0,1648998025
0,1648998029
0,1648998033
0,1648998036
0,1648998040
0,1648998044
0,1648998048
0,1648998052
0,1648998056
1,1648998060
0,1648998085
0,1648998090
0,1648998093
0,1648998097
0,1648998101
0,1648998105
0,1648998108
0,1648998112
0,1648998116
0,1648998119
0,1648998123
0,1648998127
0,1648998131
0,1648998134
0,1648998138
0,1648998142
0,1648998146
0,1648998150
0,1648998154
0,1648998158
0,1648998161
0,1648998165
0,1648998169
0,1648998173
0,1648998176
0,1648998180
0,1648998184
0,1648998188
0,1648998192
0,1648998196
0,1648998199
0,1648998203
0,1648998207
0,1648998211
0,1648998215
0,1648998219
1,1648998223
0,1648998537
0,1648998540
0,1648998544
0,1648998548
0,1648998552
0,1648998556
0,1648998560
0,1648998564
0,1648998567
0,1648998571
0,1648998575
0,1648998579
0,1648998582
0,1648998586
0,1648998591
0,1648998595
0,1648998599
0,1648998602
0,1648998606
0,1648998610
0,1648998614
1,1648998618
2,1648998929
0,1648999234
0,1648999238
0,1648999241
0,1648999245
0,1648999249
0,1648999253
0,1648999257
0,1648999260
0,1648999264
0,1648999268
1,1648999272
0,1648999664
0,1648999670
0,1648999673
0,1648999678
0,1648999682
0,1648999686
0,1648999690
0,1648999693
0,1648999697
0,1648999701
0,1648999704
0,1648999708
0,1648999712
0,1648999716
0,1648999720
0,1648999723
0,1648999727
0,1648999730
0,1648999734
0,1648999738
0,1648999742
0,1648999745
0,1648999749
0,1648999753
0,1648999757
0,1648999760
0,1648999764
0,1648999768
0,1648999772
1,1648999776
0,1649000084
0,1649000088
0,1649000092
0,1649000096
0,1649000100
0,1649000105
0,1649000108
0,1649000112
0,1649000116
0,1649000120
0,1649000123
0,1649000127
0,1649000131
0,1649000135
0,1649000138
0,1649000142
0,1649000146
0,1649000150
0,1649000153
0,1649000157
0,1649000161
0,1649000165
0,1649000169
1,1649000173
0,1649000476
0,1649000479
0,1649000483
0,1649000487
0,1649000491
0,1649000495
0,1649000498
0,1649000502
0,1649000506
1,1649000510
0,1649000827
0,1649000831
0,1649000835
0,1649000839
0,1649000842
0,1649000846
0,1649000850
0,1649000854
0,1649000858
0,1649000862
0,1649000865
0,1649000872
1,1649000876
168,1649007903
162,1649008226
162,1649008552
159,1649008870
150,1649009201
153,1649009527
155,1649009848
152,1649010179
154,1649010500
